<?xml version="1.0" encoding="UTF-8"?>
<!-- Generated by org.testng.reporters.JUnitXMLReporter -->
<testsuite hostname="Anil-sindhus-MacBook-Air.local" ignored="0" name="Test" tests="1" failures="1" timestamp="22 Jun 2018 23:58:43 GMT" time="49.026" errors="0">
  <testcase name="AppleBuy" time="48.953" classname="maven.apple1.AppleBuyReturndetails$Applebuyreturndetails">
    <failure type="java.lang.AssertionError" message="expected [credit card payment Successful!] but found [Please enter a valid credit card number.]">
      <![CDATA[java.lang.AssertionError: expected [credit card payment Successful!] but found [Please enter a valid credit card number.]
at maven.apple1.AppleBuyReturndetails$Applebuyreturndetails.AppleBuy(AppleBuyReturndetails.java:62)
... Removed 31 stack frames]]>
    </failure>
  </testcase> <!-- AppleBuy -->
</testsuite> <!-- Test -->
