<?xml version="1.0" encoding="UTF-8"?>
<testng-results skipped="0" failed="1" ignored="0" total="1" passed="0">
  <reporter-output>
  </reporter-output>
  <suite name="Suite" duration-ms="49026" started-at="2018-06-22T23:57:49Z" finished-at="2018-06-22T23:58:38Z">
    <groups>
    </groups>
    <test name="Test" duration-ms="49026" started-at="2018-06-22T23:57:49Z" finished-at="2018-06-22T23:58:38Z">
      <class name="maven.apple1.AppleBuyReturndetails$Applebuyreturndetails">
        <test-method status="FAIL" signature="AppleBuy()[pri:0, instance:maven.apple1.AppleBuyReturndetails$Applebuyreturndetails@25bbe1b6]" name="AppleBuy" duration-ms="48953" started-at="2018-06-22T23:57:49Z" finished-at="2018-06-22T23:58:38Z">
          <exception class="java.lang.AssertionError">
            <message>
              <![CDATA[expected [credit card payment Successful!] but found [Please enter a valid credit card number.]]]>
            </message>
            <full-stacktrace>
              <![CDATA[java.lang.AssertionError: expected [credit card payment Successful!] but found [Please enter a valid credit card number.]
at org.testng.Assert.fail(Assert.java:96)
at org.testng.Assert.failNotEquals(Assert.java:776)
at org.testng.Assert.assertEqualsImpl(Assert.java:137)
at org.testng.Assert.assertEquals(Assert.java:118)
at org.testng.Assert.assertEquals(Assert.java:453)
at org.testng.Assert.assertEquals(Assert.java:463)
at maven.apple1.AppleBuyReturndetails$Applebuyreturndetails.AppleBuy(AppleBuyReturndetails.java:62)
at sun.reflect.NativeMethodAccessorImpl.invoke0(Native Method)
at sun.reflect.NativeMethodAccessorImpl.invoke(NativeMethodAccessorImpl.java:62)
at sun.reflect.DelegatingMethodAccessorImpl.invoke(DelegatingMethodAccessorImpl.java:43)
at java.lang.reflect.Method.invoke(Method.java:498)
at org.testng.internal.MethodInvocationHelper.invokeMethod(MethodInvocationHelper.java:124)
at org.testng.internal.Invoker.invokeMethod(Invoker.java:583)
at org.testng.internal.Invoker.invokeTestMethod(Invoker.java:719)
at org.testng.internal.Invoker.invokeTestMethods(Invoker.java:989)
at org.testng.internal.TestMethodWorker.invokeTestMethods(TestMethodWorker.java:125)
at org.testng.internal.TestMethodWorker.run(TestMethodWorker.java:109)
at org.testng.TestRunner.privateRun(TestRunner.java:648)
at org.testng.TestRunner.run(TestRunner.java:505)
at org.testng.SuiteRunner.runTest(SuiteRunner.java:455)
at org.testng.SuiteRunner.runSequentially(SuiteRunner.java:450)
at org.testng.SuiteRunner.privateRun(SuiteRunner.java:415)
at org.testng.SuiteRunner.run(SuiteRunner.java:364)
at org.testng.SuiteRunnerWorker.runSuite(SuiteRunnerWorker.java:52)
at org.testng.SuiteRunnerWorker.run(SuiteRunnerWorker.java:84)
at org.testng.TestNG.runSuitesSequentially(TestNG.java:1208)
at org.testng.TestNG.runSuitesLocally(TestNG.java:1137)
at org.testng.TestNG.runSuites(TestNG.java:1049)
at org.testng.TestNG.run(TestNG.java:1017)
at org.testng.remote.AbstractRemoteTestNG.run(AbstractRemoteTestNG.java:114)
at org.testng.remote.RemoteTestNG.initAndRun(RemoteTestNG.java:251)
at org.testng.remote.RemoteTestNG.main(RemoteTestNG.java:77)
]]>
            </full-stacktrace>
          </exception> <!-- java.lang.AssertionError -->
          <reporter-output>
          </reporter-output>
        </test-method> <!-- AppleBuy -->
      </class> <!-- maven.apple1.AppleBuyReturndetails$Applebuyreturndetails -->
    </test> <!-- Test -->
  </suite> <!-- Suite -->
</testng-results>
